<?xml version="1.0" encoding="UTF-8"?>
<testng-results ignored="0" total="1" passed="1" failed="0" skipped="0">
  <reporter-output>
  </reporter-output>
  <suite started-at="2025-02-21T18:28:19 IST" name="Default suite" finished-at="2025-02-21T18:28:45 IST" duration-ms="25368">
    <groups>
    </groups>
    <test started-at="2025-02-21T18:28:19 IST" name="Default test" finished-at="2025-02-21T18:28:45 IST" duration-ms="25368">
      <class name="books.TC_001_Test">
        <test-method is-config="true" signature="configReport()[pri:0, instance:books.TC_001_Test@3c9754d8]" started-at="2025-02-21T18:28:19 IST" name="configReport" finished-at="2025-02-21T18:28:19 IST" duration-ms="220" status="PASS">
          <reporter-output>
          </reporter-output>
        </test-method> <!-- configReport -->
        <test-method is-config="true" signature="openBrowser()[pri:0, instance:books.TC_001_Test@3c9754d8]" started-at="2025-02-21T18:28:19 IST" name="openBrowser" finished-at="2025-02-21T18:28:39 IST" duration-ms="20001" status="PASS">
          <reporter-output>
          </reporter-output>
        </test-method> <!-- openBrowser -->
        <test-method is-config="true" signature="login()[pri:0, instance:books.TC_001_Test@3c9754d8]" started-at="2025-02-21T18:28:39 IST" name="login" finished-at="2025-02-21T18:28:42 IST" duration-ms="2507" status="PASS">
          <reporter-output>
          </reporter-output>
        </test-method> <!-- login -->
        <test-method signature="clickOnBooks()[pri:0, instance:books.TC_001_Test@3c9754d8]" started-at="2025-02-21T18:28:42 IST" name="clickOnBooks" finished-at="2025-02-21T18:28:43 IST" duration-ms="1309" status="PASS">
          <reporter-output>
          </reporter-output>
        </test-method> <!-- clickOnBooks -->
        <test-method is-config="true" signature="logout()[pri:0, instance:books.TC_001_Test@3c9754d8]" started-at="2025-02-21T18:28:43 IST" name="logout" finished-at="2025-02-21T18:28:44 IST" duration-ms="1181" status="PASS">
          <reporter-output>
          </reporter-output>
        </test-method> <!-- logout -->
        <test-method is-config="true" signature="closeBrowser()[pri:0, instance:books.TC_001_Test@3c9754d8]" started-at="2025-02-21T18:28:44 IST" name="closeBrowser" finished-at="2025-02-21T18:28:45 IST" duration-ms="316" status="PASS">
          <reporter-output>
          </reporter-output>
        </test-method> <!-- closeBrowser -->
        <test-method is-config="true" signature="reportBackup()[pri:0, instance:books.TC_001_Test@3c9754d8]" started-at="2025-02-21T18:28:45 IST" name="reportBackup" finished-at="2025-02-21T18:28:45 IST" duration-ms="577" status="PASS">
          <reporter-output>
          </reporter-output>
        </test-method> <!-- reportBackup -->
      </class> <!-- books.TC_001_Test -->
    </test> <!-- Default test -->
  </suite> <!-- Default suite -->
</testng-results>
